 
****************************************
Report : timing
        -path full
        -delay min
        -max_paths 4
Design : top_pipe
Version: O-2018.06
Date   : Tue Jan  7 00:25:46 2020
****************************************

 # A fanout number of 1000 was used for high fanout net computations.

Operating Conditions: ss0p95v125c   Library: saed32hvt_ss0p95v125c
Wire Load Model Mode: enclosed

  Startpoint: top0/ID_stage/clk_gate_cnt_reg/latch
              (positive level-sensitive latch clocked by clk')
  Endpoint: top0/ID_stage/clk_gate_cnt_reg/main_gate
            (gating element for clock clk)
  Path Group: clk
  Path Type: min

  Des/Clust/Port     Wire Load Model       Library
  ------------------------------------------------
  SNPS_CLOCK_GATE_HIGH_ID_stage_mydesign_0
                     ForQA                 saed32hvt_ss0p95v125c

  Point                                                   Incr       Path
  --------------------------------------------------------------------------
  clock clk' (rise edge)                                  2.50       2.50
  clock network delay (ideal)                             0.00       2.50
  top0/ID_stage/clk_gate_cnt_reg/latch/CLK (LATCHX1_HVT)
                                                          0.00       2.50 r
  top0/ID_stage/clk_gate_cnt_reg/latch/Q (LATCHX1_HVT)
                                                          0.11       2.61 f
  top0/ID_stage/clk_gate_cnt_reg/main_gate/A1 (AND2X1_HVT)
                                                          0.00       2.61 f
  data arrival time                                                  2.61

  clock clk (fall edge)                                   2.50       2.50
  clock network delay (ideal)                             0.00       2.50
  top0/ID_stage/clk_gate_cnt_reg/main_gate/A2 (AND2X1_HVT)
                                                          0.00       2.50 f
  clock gating hold time                                  0.00       2.50
  data required time                                                 2.50
  --------------------------------------------------------------------------
  data required time                                                 2.50
  data arrival time                                                 -2.61
  --------------------------------------------------------------------------
  slack (MET)                                                        0.11


  Startpoint: top0/ID_stage/clk_gate_cnt_reg_0/latch
              (positive level-sensitive latch clocked by clk')
  Endpoint: top0/ID_stage/clk_gate_cnt_reg_0/main_gate
            (gating element for clock clk)
  Path Group: clk
  Path Type: min

  Des/Clust/Port     Wire Load Model       Library
  ------------------------------------------------
  SNPS_CLOCK_GATE_HIGH_ID_stage_mydesign_7
                     ForQA                 saed32hvt_ss0p95v125c

  Point                                                   Incr       Path
  --------------------------------------------------------------------------
  clock clk' (rise edge)                                  2.50       2.50
  clock network delay (ideal)                             0.00       2.50
  top0/ID_stage/clk_gate_cnt_reg_0/latch/CLK (LATCHX1_HVT)
                                                          0.00       2.50 r
  top0/ID_stage/clk_gate_cnt_reg_0/latch/Q (LATCHX1_HVT)
                                                          0.11       2.61 f
  top0/ID_stage/clk_gate_cnt_reg_0/main_gate/A1 (AND2X1_HVT)
                                                          0.00       2.61 f
  data arrival time                                                  2.61

  clock clk (fall edge)                                   2.50       2.50
  clock network delay (ideal)                             0.00       2.50
  top0/ID_stage/clk_gate_cnt_reg_0/main_gate/A2 (AND2X1_HVT)
                                                          0.00       2.50 f
  clock gating hold time                                  0.00       2.50
  data required time                                                 2.50
  --------------------------------------------------------------------------
  data required time                                                 2.50
  data arrival time                                                 -2.61
  --------------------------------------------------------------------------
  slack (MET)                                                        0.11


  Startpoint: top0/ID_stage/clk_gate_cnt_reg_1/latch
              (positive level-sensitive latch clocked by clk')
  Endpoint: top0/ID_stage/clk_gate_cnt_reg_1/main_gate
            (gating element for clock clk)
  Path Group: clk
  Path Type: min

  Des/Clust/Port     Wire Load Model       Library
  ------------------------------------------------
  SNPS_CLOCK_GATE_HIGH_ID_stage_mydesign_6
                     ForQA                 saed32hvt_ss0p95v125c

  Point                                                   Incr       Path
  --------------------------------------------------------------------------
  clock clk' (rise edge)                                  2.50       2.50
  clock network delay (ideal)                             0.00       2.50
  top0/ID_stage/clk_gate_cnt_reg_1/latch/CLK (LATCHX1_HVT)
                                                          0.00       2.50 r
  top0/ID_stage/clk_gate_cnt_reg_1/latch/Q (LATCHX1_HVT)
                                                          0.11       2.61 f
  top0/ID_stage/clk_gate_cnt_reg_1/main_gate/A1 (AND2X1_HVT)
                                                          0.00       2.61 f
  data arrival time                                                  2.61

  clock clk (fall edge)                                   2.50       2.50
  clock network delay (ideal)                             0.00       2.50
  top0/ID_stage/clk_gate_cnt_reg_1/main_gate/A2 (AND2X1_HVT)
                                                          0.00       2.50 f
  clock gating hold time                                  0.00       2.50
  data required time                                                 2.50
  --------------------------------------------------------------------------
  data required time                                                 2.50
  data arrival time                                                 -2.61
  --------------------------------------------------------------------------
  slack (MET)                                                        0.11


  Startpoint: top0/ID_stage/clk_gate_cnt_reg_2/latch
              (positive level-sensitive latch clocked by clk')
  Endpoint: top0/ID_stage/clk_gate_cnt_reg_2/main_gate
            (gating element for clock clk)
  Path Group: clk
  Path Type: min

  Des/Clust/Port     Wire Load Model       Library
  ------------------------------------------------
  SNPS_CLOCK_GATE_HIGH_ID_stage_mydesign_5
                     ForQA                 saed32hvt_ss0p95v125c

  Point                                                   Incr       Path
  --------------------------------------------------------------------------
  clock clk' (rise edge)                                  2.50       2.50
  clock network delay (ideal)                             0.00       2.50
  top0/ID_stage/clk_gate_cnt_reg_2/latch/CLK (LATCHX1_HVT)
                                                          0.00       2.50 r
  top0/ID_stage/clk_gate_cnt_reg_2/latch/Q (LATCHX1_HVT)
                                                          0.11       2.61 f
  top0/ID_stage/clk_gate_cnt_reg_2/main_gate/A1 (AND2X1_HVT)
                                                          0.00       2.61 f
  data arrival time                                                  2.61

  clock clk (fall edge)                                   2.50       2.50
  clock network delay (ideal)                             0.00       2.50
  top0/ID_stage/clk_gate_cnt_reg_2/main_gate/A2 (AND2X1_HVT)
                                                          0.00       2.50 f
  clock gating hold time                                  0.00       2.50
  data required time                                                 2.50
  --------------------------------------------------------------------------
  data required time                                                 2.50
  data arrival time                                                 -2.61
  --------------------------------------------------------------------------
  slack (MET)                                                        0.11


1
