################################################################################
#
# This file has been generated by SpyGlass:
#     Report Created by: m107061552
#     Report Created on: Thu Jan  9 18:39:42 2020
#     Working Directory: /home/m107/m107061552/ICLAB/ICLAB-FINAL-vector-processor/source
#     Report Location  : ./spyglass-1/lint/lint_rtl/spyglass_reports/SpyGlass/checksum.rpt
#     SpyGlass Version : SpyGlass_vO-2018.09-SP2
#     Policy Name      : SpyGlass(SpyGlass_vO-2018.09-SP2)
#     Comment          : This report contains md5sum of design file(s)
#
################################################################################

=====================================================================================
                         MD5SUM CHECKSUM OF DESIGN FILES 
=====================================================================================
MD5SUM CHECKSUM                   SOURCE              PATH OF DESIGN FILE       
-------------------------------------------------------------------------------------
bde6c9702a08bce72d69e693a6de70cb  1      /home/m107/m107061552/ICLAB/ICLAB-FINAL-vector-processor/source/top_pipe.v  
132a2499805630a5e81d4c577f249262  1      /home/m107/m107061552/ICLAB/ICLAB-FINAL-vector-processor/source/top.v  
145a3124c1da90c3449c4719f12389bd  1      /home/m107/m107061552/ICLAB/ICLAB-FINAL-vector-processor/source/alu.v  
5b9973d90bd01178d3fc66b875f6b833  1      /home/m107/m107061552/ICLAB/ICLAB-FINAL-vector-processor/source/controller.v  
7cbc56f2a877bdedef7cc4003d6de713  1      /home/m107/m107061552/ICLAB/ICLAB-FINAL-vector-processor/source/PC.v  
d747c38e4530d07f5bbd7e095428ddfa  1      /home/m107/m107061552/ICLAB/ICLAB-FINAL-vector-processor/source/regfile.v  
7c74328155078412091d9fd5d32b5e8d  1      /home/m107/m107061552/ICLAB/ICLAB-FINAL-vector-processor/source/IF_stage.v  
dd6e586a2d005ef740f5be55448a2813  1      /home/m107/m107061552/ICLAB/ICLAB-FINAL-vector-processor/source/IF_ID.v  
75e5748c1655cfd6422198cf1add2e78  1      /home/m107/m107061552/ICLAB/ICLAB-FINAL-vector-processor/source/ID_stage.v  
eea4acd6f78d562551eab15b5998c8df  1      /home/m107/m107061552/ICLAB/ICLAB-FINAL-vector-processor/source/ID_EXE.v  
c78d1cde8828a68c22328eead14f0c2c  1      /home/m107/m107061552/ICLAB/ICLAB-FINAL-vector-processor/source/EXE_stage.v  
6bd07b7dc3ea32238d058ee17d7caed2  1      /home/m107/m107061552/ICLAB/ICLAB-FINAL-vector-processor/source/EX_MEM.v  
8732d8db5183693b292942645352af0a  1      /home/m107/m107061552/ICLAB/ICLAB-FINAL-vector-processor/source/MEM_WB_stage.v  
d619fa7a97aff3b88e19cb0e0779fdb7  1      /home/m107/m107061552/ICLAB/ICLAB-FINAL-vector-processor/source/WB_stage.v  
