
################################################################################
#
# This file has been generated by SpyGlass:
#     Report Name      : moresimple
#     Report Created by: m107061552
#     Report Created on:  Tue Jan  7 00:18:58 2020
#     Working Directory: /home/m107/m107061552/ICLAB/ICLAB-FINAL-vector-processor/source
#     SpyGlass Version : SpyGlass_vO-2018.09-SP2
#     Policy Name      : SpyGlass(SpyGlass_vO-2018.09-SP2)
#                        clock-reset(SpyGlass_vO-2018.09-SP2)
#                        erc(SpyGlass_vO-2018.09-SP2)
#                        latch(SpyGlass_vO-2018.09-SP2)
#                        lint(SpyGlass_vO-2018.09-SP2)
#                        morelint(SpyGlass_vO-2018.09-SP2)
#                        openmore(SpyGlass_vO-2018.09-SP2)
#                        power_est(SpyGlass_vO-2018.09-SP2)
#                        simulation(SpyGlass_vO-2018.09-SP2)
#                        starc(SpyGlass_vO-2018.09-SP2)
#                        starc2005(SpyGlass_vO-2018.09-SP2)
#                        timing(SpyGlass_vO-2018.09-SP2)
#                        txv(SpyGlass_vO-2018.09-SP2)
#
#     Total Number of Generated Messages :          9
#     Number of Waived Messages          :          0
#     Number of Reported Messages        :          9
#     Number of Overlimit Messages       :          0
#
#
################################################################################

+++++++++++++++++++++++++++++++++++++++++++++++++++++++++++++++++++++++
MORESIMPLE REPORT:


############### BuiltIn -> RuleGroup=Design Read ###############
+++++++++++++++++++++++++++++++++++++++++++++++++++++++++++++++++++++++++++++++++++++++
ID       Rule                    Alias                   Severity    File                                                                     Line    Wt    Message
======================================================================================
[1]      DetectTopDesignUnits    DetectTopDesignUnits    Info        top_pipe.v                                                               1       2     Module top_pipe is a top level design unit
[0]      ElabSummary             ElabSummary             Info        ./spyglass-1/lint/lint_rtl/spyglass_reports/SpyGlass/elab_summary.rpt    0       2     Please refer file './spyglass-1/lint/lint_rtl/spyglass_reports/SpyGlass/elab_summary.rpt' for elab summary report
+++++++++++++++++++++++++++++++++++++++++++++++++++++++++++++++++++++++++++++++++++++++


############### Non-BuiltIn -> Goal=lint/lint_rtl ###############
+++++++++++++++++++++++++++++++++++++++++++++++++++++++++++++++++++++++++++++++++++++++
ID       Rule    Alias    Severity    File                                                                      Line    Wt    Message
======================================================================================
[B]      W528             Warning     regfile.v                                                                 112     10    Variable 'r1[31:0]' set but not read.[Hierarchy: ':top_pipe:top0@top:ID_stage@ID_stage:regfile@regfile']
[A]      W528             Warning     regfile.v                                                                 113     10    Variable 'r2[31:0]' set but not read.[Hierarchy: ':top_pipe:top0@top:ID_stage@ID_stage:regfile@regfile']
[9]      W528             Warning     regfile.v                                                                 114     10    Variable 'r3[31:0]' set but not read.[Hierarchy: ':top_pipe:top0@top:ID_stage@ID_stage:regfile@regfile']
[8]      W528             Warning     regfile.v                                                                 115     10    Variable 'r4[31:0]' set but not read.[Hierarchy: ':top_pipe:top0@top:ID_stage@ID_stage:regfile@regfile']
[7]      W528             Warning     regfile.v                                                                 116     10    Variable 'r5[31:0]' set but not read.[Hierarchy: ':top_pipe:top0@top:ID_stage@ID_stage:regfile@regfile']
[6]      W528             Warning     regfile.v                                                                 117     10    Variable 'r6[31:0]' set but not read.[Hierarchy: ':top_pipe:top0@top:ID_stage@ID_stage:regfile@regfile']
[5]      W528             Info        ./spyglass-1/lint/lint_rtl/spyglass_reports/lint/SignalUsageReport.rpt    0       10    Please refer to 'SignalUsageReport.rpt' for details of violating bits
+++++++++++++++++++++++++++++++++++++++++++++++++++++++++++++++++++++++++++++++++++++++
