
################################################################################
#
# This file has been generated by SpyGlass:
#     Report Name      : moresimple
#     Report Created by: m107061552
#     Report Created on:  Tue Jan  7 00:18:58 2020
#     Working Directory: /home/m107/m107061552/ICLAB/ICLAB-FINAL-vector-processor/source
#     SpyGlass Version : SpyGlass_vO-2018.09-SP2
#     Policy Name      : SpyGlass(SpyGlass_vO-2018.09-SP2)
#                        clock-reset(SpyGlass_vO-2018.09-SP2)
#                        erc(SpyGlass_vO-2018.09-SP2)
#                        latch(SpyGlass_vO-2018.09-SP2)
#                        lint(SpyGlass_vO-2018.09-SP2)
#                        morelint(SpyGlass_vO-2018.09-SP2)
#                        openmore(SpyGlass_vO-2018.09-SP2)
#                        power_est(SpyGlass_vO-2018.09-SP2)
#                        simulation(SpyGlass_vO-2018.09-SP2)
#                        starc(SpyGlass_vO-2018.09-SP2)
#                        starc2005(SpyGlass_vO-2018.09-SP2)
#                        timing(SpyGlass_vO-2018.09-SP2)
#                        txv(SpyGlass_vO-2018.09-SP2)
#
#     Total Number of Generated Messages :          9
#     Number of Waived Messages          :          0
#     Number of Reported Messages        :          9
#     Number of Overlimit Messages       :          0
#
#
################################################################################

+++++++++++++++++++++++++++++++++++++++++++++++++++++++++++++++++++++++
MORESIMPLE REPORT:


############### BuiltIn -> RuleGroup=Design Read ###############
+++++++++++++++++++++++++++++++++++++++++++++++++++++++++++++++++++++++++++++++++++++++
ID       Rule                    Alias                   Severity    File                                                                     Line    Wt    Message
======================================================================================
[1]      DetectTopDesignUnits    DetectTopDesignUnits    Info        top_pipe.v                                                               1       2     Module top_pipe is a top level design unit
[0]      ElabSummary             ElabSummary             Info        ./spyglass-1/lint/lint_rtl/spyglass_reports/SpyGlass/elab_summary.rpt    0       2     Please refer file './spyglass-1/lint/lint_rtl/spyglass_reports/SpyGlass/elab_summary.rpt' for elab summary report
+++++++++++++++++++++++++++++++++++++++++++++++++++++++++++++++++++++++++++++++++++++++


############### Non-BuiltIn -> Goal=lint/lint_rtl ###############
+++++++++++++++++++++++++++++++++++++++++++++++++++++++++++++++++++++++++++++++++++++++
ID       Rule    Alias    Severity    File                                                                      Line    Wt    Message
======================================================================================
[B]      W528             Warning     regfile.v                                                                 112     10    Variable 'r1[31:0]' set but not read.[Hierarchy: ':top_pipe:top0@top:ID_stage@ID_stage:regfile@regfile']
[A]      W528             Warning     regfile.v                                                                 113     10    Variable 'r2[31:0]' set but not read.[Hierarchy: ':top_pipe:top0@top:ID_stage@ID_stage:regfile@regfile']
[9]      W528             Warning     regfile.v                                                                 114     10    Variable 'r3[31:0]' set but not read.[Hierarchy: ':top_pipe:top0@top:ID_stage@ID_stage:regfile@regfile']
[8]      W528             Warning     regfile.v                                                                 115     10    Variable 'r4[31:0]' set but not read.[Hierarchy: ':top_pipe:top0@top:ID_stage@ID_stage:regfile@regfile']
[7]      W528             Warning     regfile.v                                                                 116     10    Variable 'r5[31:0]' set but not read.[Hierarchy: ':top_pipe:top0@top:ID_stage@ID_stage:regfile@regfile']
[6]      W528             Warning     regfile.v                                                                 117     10    Variable 'r6[31:0]' set but not read.[Hierarchy: ':top_pipe:top0@top:ID_stage@ID_stage:regfile@regfile']
[5]      W528             Info        ./spyglass-1/lint/lint_rtl/spyglass_reports/lint/SignalUsageReport.rpt    0       10    Please refer to 'SignalUsageReport.rpt' for details of violating bits
+++++++++++++++++++++++++++++++++++++++++++++++++++++++++++++++++++++++++++++++++++++++

################################################################################
#
# This file has been generated by SpyGlass:
#     Report Name      : moresimple
#     Report Created by: m107061552
#     Report Created on:  Tue Jan  7 00:19:12 2020
#     Working Directory: /home/m107/m107061552/ICLAB/ICLAB-FINAL-vector-processor/source
#     SpyGlass Version : SpyGlass_vO-2018.09-SP2
#     Policy Name      : SpyGlass(SpyGlass_vO-2018.09-SP2)
#                        auto-verify(SpyGlass_vO-2018.09-SP2)
#                        erc(SpyGlass_vO-2018.09-SP2)
#                        latch(SpyGlass_vO-2018.09-SP2)
#                        lint(SpyGlass_vO-2018.09-SP2)
#                        morelint(SpyGlass_vO-2018.09-SP2)
#                        openmore(SpyGlass_vO-2018.09-SP2)
#                        simulation(SpyGlass_vO-2018.09-SP2)
#                        starc(SpyGlass_vO-2018.09-SP2)
#                        starc2005(SpyGlass_vO-2018.09-SP2)
#                        timing(SpyGlass_vO-2018.09-SP2)
#
#     Total Number of Generated Messages :         10
#     Number of Waived Messages          :          0
#     Number of Reported Messages        :         10
#     Number of Overlimit Messages       :          0
#
#
################################################################################

+++++++++++++++++++++++++++++++++++++++++++++++++++++++++++++++++++++++
MORESIMPLE REPORT:


############### BuiltIn -> RuleGroup=Command-line read ###############
+++++++++++++++++++++++++++++++++++++++++++++++++++++++++++++++++++++++++++++++++++++++
ID       Rule                     Alias          Severity    File    Line    Wt    Message
======================================================================================
[0]      checkCMD_unset_option    UnsetOption    Warning     N.A.    0       10    Option/Parameter 'enable_save_restore': Feature 'save-restore' is not supported with option 'policy=auto-verify'.Disabling all 'save-restore' related options
+++++++++++++++++++++++++++++++++++++++++++++++++++++++++++++++++++++++++++++++++++++++


############### BuiltIn -> RuleGroup=Design Read ###############
+++++++++++++++++++++++++++++++++++++++++++++++++++++++++++++++++++++++++++++++++++++++
ID       Rule                    Alias                   Severity    File                                                                           Line    Wt    Message
======================================================================================
[2]      DetectTopDesignUnits    DetectTopDesignUnits    Info        top_pipe.v                                                                     1       2     Module top_pipe is a top level design unit
[1]      ElabSummary             ElabSummary             Info        ./spyglass-1/lint/lint_turbo_rtl/spyglass_reports/SpyGlass/elab_summary.rpt    0       2     Please refer file './spyglass-1/lint/lint_turbo_rtl/spyglass_reports/SpyGlass/elab_summary.rpt' for elab summary report
+++++++++++++++++++++++++++++++++++++++++++++++++++++++++++++++++++++++++++++++++++++++


############### Non-BuiltIn -> Goal=lint/lint_turbo_rtl ###############
+++++++++++++++++++++++++++++++++++++++++++++++++++++++++++++++++++++++++++++++++++++++
ID       Rule    Alias    Severity    File                                                                            Line    Wt    Message
======================================================================================
[C]      W528             Warning     regfile.v                                                                       112     10    Variable 'r1[31:0]' set but not read.[Hierarchy: ':top_pipe:top0@top:ID_stage@ID_stage:regfile@regfile']
[B]      W528             Warning     regfile.v                                                                       113     10    Variable 'r2[31:0]' set but not read.[Hierarchy: ':top_pipe:top0@top:ID_stage@ID_stage:regfile@regfile']
[A]      W528             Warning     regfile.v                                                                       114     10    Variable 'r3[31:0]' set but not read.[Hierarchy: ':top_pipe:top0@top:ID_stage@ID_stage:regfile@regfile']
[9]      W528             Warning     regfile.v                                                                       115     10    Variable 'r4[31:0]' set but not read.[Hierarchy: ':top_pipe:top0@top:ID_stage@ID_stage:regfile@regfile']
[8]      W528             Warning     regfile.v                                                                       116     10    Variable 'r5[31:0]' set but not read.[Hierarchy: ':top_pipe:top0@top:ID_stage@ID_stage:regfile@regfile']
[7]      W528             Warning     regfile.v                                                                       117     10    Variable 'r6[31:0]' set but not read.[Hierarchy: ':top_pipe:top0@top:ID_stage@ID_stage:regfile@regfile']
[6]      W528             Info        ./spyglass-1/lint/lint_turbo_rtl/spyglass_reports/lint/SignalUsageReport.rpt    0       10    Please refer to 'SignalUsageReport.rpt' for details of violating bits
+++++++++++++++++++++++++++++++++++++++++++++++++++++++++++++++++++++++++++++++++++++++

################################################################################
#
# This file has been generated by SpyGlass:
#     Report Name      : moresimple
#     Report Created by: m107061552
#     Report Created on:  Tue Jan  7 00:19:22 2020
#     Working Directory: /home/m107/m107061552/ICLAB/ICLAB-FINAL-vector-processor/source
#     SpyGlass Version : SpyGlass_vO-2018.09-SP2
#     Policy Name      : SpyGlass(SpyGlass_vO-2018.09-SP2)
#                        auto-verify(SpyGlass_vO-2018.09-SP2)
#
#     Total Number of Generated Messages :          2
#     Number of Waived Messages          :          0
#     Number of Reported Messages        :          2
#     Number of Overlimit Messages       :          0
#
#
################################################################################

+++++++++++++++++++++++++++++++++++++++++++++++++++++++++++++++++++++++
MORESIMPLE REPORT:
############### FATAL MESSAGES ############### 
+++++++++++++++++++++++++++++++++++++++++++++++++++++++++++++++++++++++++++++++++
ID       Rule            Alias    Severity    File    Line    Wt    Message
======================================================================================
[1]      Av_license01             FATAL       N.A.    0       2     'Functional Lint' not run due to unavailability of lint_func license feature
+++++++++++++++++++++++++++++++++++++++++++++++++++++++++++++++++++++++++++++++++++++++


############### BuiltIn -> RuleGroup=Command-line read ###############
+++++++++++++++++++++++++++++++++++++++++++++++++++++++++++++++++++++++++++++++++++++++
ID       Rule                     Alias          Severity    File    Line    Wt    Message
======================================================================================
[0]      checkCMD_unset_option    UnsetOption    Warning     N.A.    0       10    Option/Parameter 'enable_save_restore': Feature 'save-restore' is not supported with option 'policy=auto-verify'.Disabling all 'save-restore' related options
+++++++++++++++++++++++++++++++++++++++++++++++++++++++++++++++++++++++++++++++++++++++

################################################################################
#
# This file has been generated by SpyGlass:
#     Report Name      : moresimple
#     Report Created by: m107061552
#     Report Created on:  Tue Jan  7 00:19:27 2020
#     Working Directory: /home/m107/m107061552/ICLAB/ICLAB-FINAL-vector-processor/source
#     SpyGlass Version : SpyGlass_vO-2018.09-SP2
#     Policy Name      : SpyGlass(SpyGlass_vO-2018.09-SP2)
#                        lint(SpyGlass_vO-2018.09-SP2)
#
#     Total Number of Generated Messages :          3
#     Number of Waived Messages          :          0
#     Number of Reported Messages        :          3
#     Number of Overlimit Messages       :          0
#
#
################################################################################

+++++++++++++++++++++++++++++++++++++++++++++++++++++++++++++++++++++++
MORESIMPLE REPORT:


############### BuiltIn -> RuleGroup=Design Read ###############
+++++++++++++++++++++++++++++++++++++++++++++++++++++++++++++++++++++++++++++++++++++++
ID       Rule                    Alias                   Severity    File                                                                          Line    Wt    Message
======================================================================================
[1]      DetectTopDesignUnits    DetectTopDesignUnits    Info        top_pipe.v                                                                    1       2     Module top_pipe is a top level design unit
[0]      ElabSummary             ElabSummary             Info        ./spyglass-1/lint/lint_abstract/spyglass_reports/SpyGlass/elab_summary.rpt    0       2     Please refer file './spyglass-1/lint/lint_abstract/spyglass_reports/SpyGlass/elab_summary.rpt' for elab summary report
+++++++++++++++++++++++++++++++++++++++++++++++++++++++++++++++++++++++++++++++++++++++


############### Non-BuiltIn -> Goal=lint/lint_abstract ###############
+++++++++++++++++++++++++++++++++++++++++++++++++++++++++++++++++++++++++++++++++++++++
ID       Rule               Alias    Severity    File                                                                                          Line    Wt    Message
======================================================================================
[2]      LINT_abstract01             Info        ./spyglass-1/lint/lint_abstract/spyglass_reports/abstract_view/top_pipe_lint_abstract.sgdc    0       2     Abstract view for design 'top_pipe' succesfully created
+++++++++++++++++++++++++++++++++++++++++++++++++++++++++++++++++++++++++++++++++++++++
